-------------------------------------------------------------------------------
Test set: com.devonfw.java.modules.swttest.Devon4jAppTest
-------------------------------------------------------------------------------
Tests run: 2, Failures: 0, Errors: 2, Skipped: 0, Time elapsed: 141.799 s <<< FAILURE! - in com.devonfw.java.modules.swttest.Devon4jAppTest
importJavaProject(com.devonfw.java.modules.swttest.Devon4jAppTest)  Time elapsed: 135.034 s  <<< ERROR!
org.eclipse.swtbot.swt.finder.exceptions.WidgetNotFoundException: Timed out waiting for tree item devon4japp-core
	at com.devonfw.java.modules.swttest.Devon4jAppTest.runProjectTestCases(Devon4jAppTest.java:58)
	at com.devonfw.java.modules.swttest.Devon4jAppTest.importJavaProject(Devon4jAppTest.java:52)
Caused by: org.eclipse.swtbot.swt.finder.widgets.TimeoutException: Timeout after: 5000 ms.: Could not find node with text devon4japp-core
	at com.devonfw.java.modules.swttest.Devon4jAppTest.runProjectTestCases(Devon4jAppTest.java:58)
	at com.devonfw.java.modules.swttest.Devon4jAppTest.importJavaProject(Devon4jAppTest.java:52)

com.devonfw.java.modules.swttest.Devon4jAppTest  Time elapsed: 140.771 s  <<< ERROR!
org.eclipse.swtbot.swt.finder.widgets.TimeoutException: Timeout after: 5000 ms.: Timed out waiting for Shell {Discover m2e connect...} to close.
	at com.devonfw.java.modules.swttest.Devon4jAppTest.afterClass(Devon4jAppTest.java:76)

